#
# There is insufficient memory for the Java Runtime Environment to continue.
# Native memory allocation (malloc) failed to allocate 1717456 bytes for Chunk::new
# Possible reasons:
#   The system is out of physical RAM or swap space
#   The process is running with CompressedOops enabled, and the Java Heap may be blocking the growth of the native heap
# Possible solutions:
#   Reduce memory load on the system
#   Increase physical memory or swap space
#   Check if swap backing store is full
#   Decrease Java heap size (-Xmx/-Xms)
#   Decrease number of Java threads
#   Decrease Java thread stack sizes (-Xss)
#   Set larger code cache with -XX:ReservedCodeCacheSize=
#   JVM is running with Unscaled Compressed Oops mode in which the Java heap is
#     placed in the first 4GB address space. The Java Heap base address is the
#     maximum limit for the native heap growth. Please use -XX:HeapBaseMinAddress
#     to set the Java Heap base and to place the Java Heap above 4GB virtual address.
# This output file may be truncated or incomplete.
#
#  Out of Memory Error (allocation.cpp:389), pid=15584, tid=0x0000000000003e34
#
# JRE version: OpenJDK Runtime Environment (8.0_242-b01) (build 1.8.0_242-release-1644-b01)
# Java VM: OpenJDK 64-Bit Server VM (25.242-b01 mixed mode windows-amd64 compressed oops)
# Failed to write core dump. Minidumps are not enabled by default on client versions of Windows
#

---------------  T H R E A D  ---------------

Current thread (0x0000000017062000):  JavaThread "C2 CompilerThread0" daemon [_thread_in_native, id=15924, stack(0x00000000186c0000,0x00000000187c0000)]

Stack: [0x00000000186c0000,0x00000000187c0000]
[error occurred during error reporting (printing stack bounds), id 0xc0000005]

Native frames: (J=compiled Java code, j=interpreted, Vv=VM code, C=native code)


Current CompileTask:
C2:3843644 19282 %     4       com.android.tools.r8.ir.regalloc.a::a @ 609 (3992 bytes)


---------------  P R O C E S S  ---------------

Java Threads: ( => current thread )
  0x000000001d995000 JavaThread "WorkerExecutor Queue Thread 2" [_thread_blocked, id=6500, stack(0x000000002ca30000,0x000000002cb30000)]
  0x000000001d992000 JavaThread "WorkerExecutor Queue" [_thread_blocked, id=6320, stack(0x000000002c530000,0x000000002c630000)]
  0x000000001d991800 JavaThread "Cache worker for execution history cache (F:\Ricardo\GoogleDrive\_UNIVESP\ProsodiappV3\.gradle\6.5\executionHistory)" [_thread_blocked, id=15648, stack(0x000000002c430000,0x000000002c530000)]
  0x000000001b6de800 JavaThread "Execution worker for ':' Thread 3" [_thread_blocked, id=13796, stack(0x000000002c330000,0x000000002c430000)]
  0x000000001b6df000 JavaThread "Execution worker for ':' Thread 2" [_thread_blocked, id=10008, stack(0x000000002be30000,0x000000002bf30000)]
  0x000000001b6e3800 JavaThread "Execution worker for ':'" [_thread_in_Java, id=16368, stack(0x000000002a980000,0x000000002aa80000)]
  0x000000001b6e3000 JavaThread "Cache worker for file content cache (F:\Ricardo\GoogleDrive\_UNIVESP\ProsodiappV3\.gradle\6.5\fileContent)" [_thread_blocked, id=15392, stack(0x000000002a680000,0x000000002a780000)]
  0x000000001b6e2000 JavaThread "pool-10-thread-1" [_thread_blocked, id=15348, stack(0x0000000026ea0000,0x0000000026fa0000)]
  0x000000001b6e0800 JavaThread "Cache worker for Build Output Cleanup Cache (F:\Ricardo\GoogleDrive\_UNIVESP\ProsodiappV3\.gradle\buildOutputCleanup)" [_thread_blocked, id=9188, stack(0x0000000026ba0000,0x0000000026ca0000)]
  0x000000001b6e1800 JavaThread "jar transforms Thread 644" [_thread_blocked, id=12280, stack(0x00000000268a0000,0x00000000269a0000)]
  0x000000001b6e0000 JavaThread "jar transforms Thread 643" [_thread_blocked, id=9940, stack(0x00000000267a0000,0x00000000268a0000)]
  0x000000001b6dd800 JavaThread "jar transforms Thread 642" [_thread_blocked, id=10220, stack(0x00000000266a0000,0x00000000267a0000)]
  0x000000001b6d6000 JavaThread "jar transforms Thread 641" [_thread_blocked, id=16312, stack(0x00000000265a0000,0x00000000266a0000)]
  0x000000001b6db800 JavaThread "jar transforms Thread 640" [_thread_blocked, id=12912, stack(0x00000000264a0000,0x00000000265a0000)]
  0x000000001b6dd000 JavaThread "jar transforms Thread 639" [_thread_blocked, id=2124, stack(0x00000000263a0000,0x00000000264a0000)]
  0x000000001b6da800 JavaThread "jar transforms Thread 638" [_thread_blocked, id=16012, stack(0x00000000262a0000,0x00000000263a0000)]
  0x000000001b6da000 JavaThread "jar transforms Thread 637" [_thread_blocked, id=5164, stack(0x00000000261a0000,0x00000000262a0000)]
  0x000000001b6dc000 JavaThread "jar transforms Thread 636" [_thread_blocked, id=9392, stack(0x00000000260a0000,0x00000000261a0000)]
  0x000000001b6d5800 JavaThread "jar transforms Thread 635" [_thread_blocked, id=10512, stack(0x0000000025fa0000,0x00000000260a0000)]
  0x000000001b6d8800 JavaThread "jar transforms Thread 634" [_thread_blocked, id=9352, stack(0x0000000025ea0000,0x0000000025fa0000)]
  0x000000001b6d9000 JavaThread "jar transforms Thread 633" [_thread_blocked, id=11324, stack(0x0000000025da0000,0x0000000025ea0000)]
  0x000000001df92000 JavaThread "jar transforms Thread 632" [_thread_blocked, id=11336, stack(0x0000000025ca0000,0x0000000025da0000)]
  0x000000001df91800 JavaThread "jar transforms Thread 631" [_thread_blocked, id=5832, stack(0x0000000025ba0000,0x0000000025ca0000)]
  0x000000001df8d800 JavaThread "jar transforms Thread 630" [_thread_blocked, id=304, stack(0x0000000025aa0000,0x0000000025ba0000)]
  0x000000001df8f000 JavaThread "jar transforms Thread 629" [_thread_blocked, id=3452, stack(0x00000000259a0000,0x0000000025aa0000)]
  0x000000001df90000 JavaThread "jar transforms Thread 628" [_thread_blocked, id=5636, stack(0x00000000258a0000,0x00000000259a0000)]
  0x000000001df8e800 JavaThread "jar transforms Thread 627" [_thread_blocked, id=11876, stack(0x00000000257a0000,0x00000000258a0000)]
  0x000000001df8d000 JavaThread "jar transforms Thread 626" [_thread_blocked, id=13872, stack(0x00000000256a0000,0x00000000257a0000)]
  0x000000001df85000 JavaThread "jar transforms Thread 625" [_thread_blocked, id=7812, stack(0x00000000255a0000,0x00000000256a0000)]
  0x000000001df8c000 JavaThread "jar transforms Thread 624" [_thread_blocked, id=2356, stack(0x00000000254a0000,0x00000000255a0000)]
  0x000000001df8b800 JavaThread "jar transforms Thread 623" [_thread_blocked, id=9144, stack(0x00000000253a0000,0x00000000254a0000)]
  0x000000001df83800 JavaThread "jar transforms Thread 622" [_thread_blocked, id=6584, stack(0x00000000252a0000,0x00000000253a0000)]
  0x000000001df84800 JavaThread "jar transforms Thread 621" [_thread_blocked, id=2756, stack(0x00000000251a0000,0x00000000252a0000)]
  0x000000001df8a800 JavaThread "jar transforms Thread 620" [_thread_blocked, id=11820, stack(0x00000000250a0000,0x00000000251a0000)]
  0x000000001df89000 JavaThread "jar transforms Thread 619" [_thread_blocked, id=14796, stack(0x0000000024fa0000,0x00000000250a0000)]
  0x000000001df8a000 JavaThread "jar transforms Thread 618" [_thread_blocked, id=2388, stack(0x0000000024ea0000,0x0000000024fa0000)]
  0x000000001df86000 JavaThread "jar transforms Thread 617" [_thread_blocked, id=3136, stack(0x0000000024da0000,0x0000000024ea0000)]
  0x000000001df88800 JavaThread "jar transforms Thread 616" [_thread_blocked, id=308, stack(0x0000000024ca0000,0x0000000024da0000)]
  0x000000001df83000 JavaThread "jar transforms Thread 615" [_thread_blocked, id=4872, stack(0x0000000024ba0000,0x0000000024ca0000)]
  0x000000001df87800 JavaThread "jar transforms Thread 614" [_thread_blocked, id=14992, stack(0x0000000024aa0000,0x0000000024ba0000)]
  0x000000001b915800 JavaThread "jar transforms Thread 613" [_thread_blocked, id=15948, stack(0x00000000249a0000,0x0000000024aa0000)]
  0x000000001b914000 JavaThread "jar transforms Thread 612" [_thread_blocked, id=7008, stack(0x00000000248a0000,0x00000000249a0000)]
  0x000000001b913000 JavaThread "jar transforms Thread 611" [_thread_blocked, id=10280, stack(0x00000000247a0000,0x00000000248a0000)]
  0x000000001b912800 JavaThread "jar transforms Thread 610" [_thread_blocked, id=11388, stack(0x00000000246a0000,0x00000000247a0000)]
  0x000000001b914800 JavaThread "jar transforms Thread 609" [_thread_blocked, id=2228, stack(0x00000000245a0000,0x00000000246a0000)]
  0x000000001b911800 JavaThread "jar transforms Thread 608" [_thread_blocked, id=6540, stack(0x00000000244a0000,0x00000000245a0000)]
  0x000000001b90a000 JavaThread "jar transforms Thread 607" [_thread_blocked, id=15432, stack(0x00000000243a0000,0x00000000244a0000)]
  0x000000001b90f800 JavaThread "jar transforms Thread 606" [_thread_blocked, id=13788, stack(0x00000000242a0000,0x00000000243a0000)]
  0x000000001b908000 JavaThread "jar transforms Thread 605" [_thread_blocked, id=4828, stack(0x00000000241a0000,0x00000000242a0000)]
  0x000000001b90e800 JavaThread "jar transforms Thread 604" [_thread_blocked, id=13880, stack(0x00000000240a0000,0x00000000241a0000)]
  0x000000001b908800 JavaThread "jar transforms Thread 603" [_thread_blocked, id=5568, stack(0x0000000023fa0000,0x00000000240a0000)]
  0x000000001b907000 JavaThread "jar transforms Thread 602" [_thread_blocked, id=12436, stack(0x0000000023ea0000,0x0000000023fa0000)]
  0x000000001b90c800 JavaThread "jar transforms Thread 601" [_thread_blocked, id=5072, stack(0x0000000023da0000,0x0000000023ea0000)]
  0x000000001b90e000 JavaThread "jar transforms Thread 600" [_thread_blocked, id=16016, stack(0x0000000023ca0000,0x0000000023da0000)]
  0x000000001b909800 JavaThread "jar transforms Thread 599" [_thread_blocked, id=11880, stack(0x0000000023ba0000,0x0000000023ca0000)]
  0x000000001b90b000 JavaThread "jar transforms Thread 598" [_thread_blocked, id=15176, stack(0x0000000023aa0000,0x0000000023ba0000)]
  0x000000001b90b800 JavaThread "jar transforms Thread 597" [_thread_blocked, id=14152, stack(0x00000000239a0000,0x0000000023aa0000)]
  0x000000001b906800 JavaThread "jar transforms Thread 596" [_thread_blocked, id=12900, stack(0x00000000238a0000,0x00000000239a0000)]
  0x000000001b90d000 JavaThread "jar transforms Thread 595" [_thread_blocked, id=14728, stack(0x00000000237a0000,0x00000000238a0000)]
  0x000000001de60800 JavaThread "jar transforms Thread 594" [_thread_blocked, id=12720, stack(0x00000000236a0000,0x00000000237a0000)]
  0x000000001de5f800 JavaThread "jar transforms Thread 593" [_thread_blocked, id=8984, stack(0x00000000235a0000,0x00000000236a0000)]
  0x000000001de58000 JavaThread "jar transforms Thread 592" [_thread_blocked, id=8624, stack(0x00000000234a0000,0x00000000235a0000)]
  0x000000001de5c800 JavaThread "jar transforms Thread 591" [_thread_blocked, id=7764, stack(0x00000000233a0000,0x00000000234a0000)]
  0x000000001de5e000 JavaThread "jar transforms Thread 590" [_thread_blocked, id=13204, stack(0x00000000232a0000,0x00000000233a0000)]
  0x000000001de5c000 JavaThread "jar transforms Thread 589" [_thread_blocked, id=3820, stack(0x00000000231a0000,0x00000000232a0000)]
  0x000000001de5a800 JavaThread "jar transforms Thread 588" [_thread_blocked, id=14452, stack(0x00000000230a0000,0x00000000231a0000)]
  0x000000001de5f000 JavaThread "jar transforms Thread 587" [_thread_blocked, id=8768, stack(0x0000000022fa0000,0x00000000230a0000)]
  0x000000001de56800 JavaThread "jar transforms Thread 586" [_thread_blocked, id=14156, stack(0x0000000022ea0000,0x0000000022fa0000)]
  0x000000001de5d800 JavaThread "jar transforms Thread 585" [_thread_blocked, id=9420, stack(0x0000000022da0000,0x0000000022ea0000)]
  0x000000001de54800 JavaThread "jar transforms Thread 584" [_thread_blocked, id=9004, stack(0x0000000022ca0000,0x0000000022da0000)]
  0x000000001de56000 JavaThread "jar transforms Thread 583" [_thread_blocked, id=8156, stack(0x0000000022ba0000,0x0000000022ca0000)]
  0x000000001de5b000 JavaThread "jar transforms Thread 582" [_thread_blocked, id=11916, stack(0x0000000022aa0000,0x0000000022ba0000)]
  0x000000001de57800 JavaThread "jar transforms Thread 581" [_thread_blocked, id=8680, stack(0x00000000229a0000,0x0000000022aa0000)]
  0x000000001de55000 JavaThread "jar transforms Thread 580" [_thread_blocked, id=15604, stack(0x00000000228a0000,0x00000000229a0000)]
  0x000000001de53000 JavaThread "jar transforms Thread 579" [_thread_blocked, id=3620, stack(0x00000000227a0000,0x00000000228a0000)]
  0x000000001de53800 JavaThread "jar transforms Thread 578" [_thread_blocked, id=4136, stack(0x00000000226a0000,0x00000000227a0000)]
  0x000000001de59800 JavaThread "jar transforms Thread 577" [_thread_blocked, id=14824, stack(0x00000000225a0000,0x00000000226a0000)]
  0x000000001de59000 JavaThread "jar transforms Thread 576" [_thread_blocked, id=15752, stack(0x00000000224a0000,0x00000000225a0000)]
  0x000000001d6b8800 JavaThread "jar transforms Thread 575" [_thread_blocked, id=11932, stack(0x00000000223a0000,0x00000000224a0000)]
  0x000000001d6b7800 JavaThread "jar transforms Thread 574" [_thread_blocked, id=10100, stack(0x00000000222a0000,0x00000000223a0000)]
  0x000000001d6b6000 JavaThread "jar transforms Thread 573" [_thread_blocked, id=10472, stack(0x00000000221a0000,0x00000000222a0000)]
  0x000000001d6b5800 JavaThread "jar transforms Thread 572" [_thread_blocked, id=8452, stack(0x00000000220a0000,0x00000000221a0000)]
  0x000000001d6b7000 JavaThread "jar transforms Thread 571" [_thread_blocked, id=13720, stack(0x0000000021fa0000,0x00000000220a0000)]
  0x000000001d6ae000 JavaThread "jar transforms Thread 570" [_thread_blocked, id=11152, stack(0x0000000021ea0000,0x0000000021fa0000)]
  0x000000001d6b4800 JavaThread "jar transforms Thread 569" [_thread_blocked, id=9820, stack(0x0000000021da0000,0x0000000021ea0000)]
  0x000000001d6b4000 JavaThread "jar transforms Thread 568" [_thread_blocked, id=16288, stack(0x0000000021ca0000,0x0000000021da0000)]
  0x000000001d6ac800 JavaThread "jar transforms Thread 567" [_thread_blocked, id=10232, stack(0x0000000021ba0000,0x0000000021ca0000)]
  0x000000001d6b3000 JavaThread "jar transforms Thread 566" [_thread_blocked, id=6280, stack(0x0000000021aa0000,0x0000000021ba0000)]
  0x000000001d6ae800 JavaThread "jar transforms Thread 565" [_thread_blocked, id=2780, stack(0x00000000219a0000,0x0000000021aa0000)]
  0x000000001d6b2800 JavaThread "jar transforms Thread 564" [_thread_blocked, id=5004, stack(0x00000000217a0000,0x00000000218a0000)]
  0x000000001d6b1000 JavaThread "jar transforms Thread 563" [_thread_blocked, id=15740, stack(0x00000000216a0000,0x00000000217a0000)]
  0x000000001d6ab000 JavaThread "jar transforms Thread 562" [_thread_blocked, id=10800, stack(0x00000000215a0000,0x00000000216a0000)]
  0x000000001d6af800 JavaThread "jar transforms Thread 561" [_thread_blocked, id=14492, stack(0x00000000214a0000,0x00000000215a0000)]
  0x000000001d6ab800 JavaThread "jar transforms Thread 560" [_thread_blocked, id=10448, stack(0x00000000213a0000,0x00000000214a0000)]
  0x000000001d6b1800 JavaThread "jar transforms Thread 559" [_thread_blocked, id=6592, stack(0x00000000212a0000,0x00000000213a0000)]
  0x000000001d6a9000 JavaThread "jar transforms Thread 558" [_thread_blocked, id=8980, stack(0x00000000211a0000,0x00000000212a0000)]
  0x000000001d6aa000 JavaThread "jar transforms Thread 557" [_thread_blocked, id=10292, stack(0x00000000210a0000,0x00000000211a0000)]
  0x00000000297c4800 JavaThread "jar transforms Thread 556" [_thread_blocked, id=15416, stack(0x0000000020fa0000,0x00000000210a0000)]
  0x00000000297c4000 JavaThread "jar transforms Thread 555" [_thread_blocked, id=15764, stack(0x0000000020ea0000,0x0000000020fa0000)]
  0x00000000297c3000 JavaThread "jar transforms Thread 554" [_thread_blocked, id=9476, stack(0x0000000020da0000,0x0000000020ea0000)]
  0x00000000297c1800 JavaThread "jar transforms Thread 553" [_thread_blocked, id=14356, stack(0x0000000020ca0000,0x0000000020da0000)]
  0x00000000297c0000 JavaThread "Build operations Thread 4" [_thread_in_Java, id=14888, stack(0x0000000020ba0000,0x0000000020ca0000)]
  0x00000000297c5800 JavaThread "Build operations Thread 3" [_thread_blocked, id=3284, stack(0x0000000020aa0000,0x0000000020ba0000)]
  0x00000000297c2800 JavaThread "Build operations Thread 2" [_thread_in_vm, id=14540, stack(0x00000000209a0000,0x0000000020aa0000)]
  0x00000000297c1000 JavaThread "Build operations" [_thread_in_Java, id=13060, stack(0x00000000201a0000,0x00000000202a0000)]
  0x00000000297bf800 JavaThread "Cache worker for cache directory md-rule (C:\Users\Ricardo\.gradle\caches\6.5\md-rule)" [_thread_blocked, id=3192, stack(0x000000001e9d0000,0x000000001ead0000)]
  0x00000000297b8000 JavaThread "Cache worker for cache directory md-supplier (C:\Users\Ricardo\.gradle\caches\6.5\md-supplier)" [_thread_blocked, id=13784, stack(0x000000001e8d0000,0x000000001e9d0000)]
  0x00000000297be800 JavaThread "Cache worker for checksums cache (F:\Ricardo\GoogleDrive\_UNIVESP\ProsodiappV3\.gradle\checksums)" [_thread_blocked, id=4720, stack(0x000000001e7d0000,0x000000001e8d0000)]
  0x00000000297be000 JavaThread "Cache worker for file hash cache (F:\Ricardo\GoogleDrive\_UNIVESP\ProsodiappV3\.gradle\6.5\fileHashes)" [_thread_blocked, id=13228, stack(0x000000001e4d0000,0x000000001e5d0000)]
  0x00000000297bc800 JavaThread "Thread-705" [_thread_blocked, id=13584, stack(0x000000001cb00000,0x000000001cc00000)]
  0x00000000297ba000 JavaThread "Stdin handler" [_thread_blocked, id=4944, stack(0x000000001ca00000,0x000000001cb00000)]
  0x00000000297bb000 JavaThread "Asynchronous log dispatcher for DefaultDaemonConnection: socket connection from /127.0.0.1:64163 to /127.0.0.1:64740" [_thread_blocked, id=13008, stack(0x000000001c900000,0x000000001ca00000)]
  0x00000000297b9800 JavaThread "Daemon worker Thread 7" [_thread_blocked, id=14840, stack(0x000000001c800000,0x000000001c900000)]
  0x00000000297b6800 JavaThread "Cancel handler" [_thread_blocked, id=9672, stack(0x000000001c500000,0x000000001c600000)]
  0x00000000297b8800 JavaThread "Handler for socket connection from /127.0.0.1:64163 to /127.0.0.1:64740" [_thread_in_native, id=8056, stack(0x000000001bea0000,0x000000001bfa0000)]
  0x00000000297bb800 JavaThread "Daemon Thread 7" [_thread_blocked, id=3708, stack(0x000000001bda0000,0x000000001bea0000)]
  0x000000001d994800 JavaThread "Cache worker for Java compile cache (C:\Users\Ricardo\.gradle\caches\6.5\javaCompile)" [_thread_blocked, id=1204, stack(0x000000002aa80000,0x000000002ab80000)]
  0x000000001df90800 JavaThread "Memory manager" [_thread_blocked, id=1456, stack(0x0000000027da0000,0x0000000027ea0000)]
  0x00000000199fe800 JavaThread "Cache worker for file content cache (C:\Users\Ricardo\.gradle\caches\6.5\fileContent)" [_thread_blocked, id=12240, stack(0x00000000202a0000,0x00000000203a0000)]
  0x00000000199fc800 JavaThread "Cache worker for execution history cache (C:\Users\Ricardo\.gradle\caches\6.5\executionHistory)" [_thread_blocked, id=5628, stack(0x000000001ead0000,0x000000001ebd0000)]
  0x0000000019a00000 JavaThread "Cache worker for file hash cache (C:\Users\Ricardo\.gradle\caches\6.5\fileHashes)" [_thread_blocked, id=14096, stack(0x000000001d000000,0x000000001d100000)]
  0x00000000199fa000 JavaThread "File lock request listener" [_thread_in_native, id=3252, stack(0x000000001cf00000,0x000000001d000000)]
  0x0000000018dab000 JavaThread "Cache worker for journal cache (C:\Users\Ricardo\.gradle\caches\journal-1)" [_thread_blocked, id=6148, stack(0x000000001ce00000,0x000000001cf00000)]
  0x000000001aae6000 JavaThread "Daemon periodic checks" [_thread_blocked, id=13968, stack(0x000000001c200000,0x000000001c300000)]
  0x000000001aac8800 JavaThread "Incoming local TCP Connector on port 64163" [_thread_in_native, id=7284, stack(0x000000001bfa0000,0x000000001c0a0000)]
  0x00000000189e5000 JavaThread "Daemon health stats" [_thread_blocked, id=9136, stack(0x000000001a990000,0x000000001aa90000)]
  0x00000000189c1800 JavaThread "Service Thread" daemon [_thread_blocked, id=15688, stack(0x0000000018dc0000,0x0000000018ec0000)]
  0x000000001706e800 JavaThread "C1 CompilerThread2" daemon [_thread_blocked, id=9116, stack(0x00000000188c0000,0x00000000189c0000)]
  0x000000001706a000 JavaThread "C2 CompilerThread1" daemon [_thread_in_native, id=14996, stack(0x00000000187c0000,0x00000000188c0000)]
=>0x0000000017062000 JavaThread "C2 CompilerThread0" daemon [_thread_in_native, id=15924, stack(0x00000000186c0000,0x00000000187c0000)]
  0x0000000017066000 JavaThread "Attach Listener" daemon [_thread_blocked, id=4840, stack(0x00000000185c0000,0x00000000186c0000)]
  0x0000000017064800 JavaThread "Signal Dispatcher" daemon [_thread_blocked, id=11872, stack(0x00000000184c0000,0x00000000185c0000)]
  0x000000000243b000 JavaThread "Finalizer" daemon [_thread_blocked, id=14956, stack(0x00000000182b0000,0x00000000183b0000)]
  0x0000000017049000 JavaThread "Reference Handler" daemon [_thread_blocked, id=5148, stack(0x00000000181b0000,0x00000000182b0000)]
  0x000000000233d800 JavaThread "main" [_thread_blocked, id=13596, stack(0x0000000002200000,0x0000000002300000)]

Other Threads:
  0x0000000017026000 VMThread [stack: 0x00000000180b0000,0x00000000181b0000] [id=10832]
  0x00000000189c2000 WatcherThread [stack: 0x0000000018ec0000,0x0000000018fc0000] [id=9780]

VM state:not at safepoint (normal execution)

VM Mutex/Monitor currently owned by a thread: None

heap address: 0x0000000080000000, size: 2048 MB, Compressed Oops mode: 32-bit
Narrow klass base: 0x0000000000000000, Narrow klass shift: 3
Compressed class space size: 1073741824 Address: 0x0000000100000000

Heap:
 PSYoungGen      total 388608K, used 177887K [0x00000000d5580000, 0x00000000f5b00000, 0x0000000100000000)
  eden space 364544K, 45% used [0x00000000d5580000,0x00000000df87f038,0x00000000eb980000)
  from space 24064K, 45% used [0x00000000eb980000,0x00000000ec438dc0,0x00000000ed100000)
  to   space 27136K, 0% used [0x00000000f4080000,0x00000000f4080000,0x00000000f5b00000)
 ParOldGen       total 134144K, used 66449K [0x0000000080000000, 0x0000000088300000, 0x00000000d5580000)
  object space 134144K, 49% used [0x0000000080000000,0x00000000840e47b0,0x0000000088300000)
 Metaspace       used 93408K, capacity 98458K, committed 99148K, reserved 1134592K
  class space    used 12118K, capacity 13027K, committed 13184K, reserved 1048576K

Card table byte_map: [0x0000000011800000,0x0000000011c10000] byte_map_base: 0x0000000011400000

Marking Bits: (ParMarkBitMap*) 0x000000005d09f030
 Begin Bits: [0x00000000122c0000, 0x00000000142c0000)
 End Bits:   [0x00000000142c0000, 0x00000000162c0000)

Polling page: 0x0000000000970000

CodeCache: size=245760Kb used=58086Kb max_used=58086Kb free=187673Kb
 bounds [0x0000000002440000, 0x0000000005d40000, 0x0000000011440000]
 total_blobs=17059 nmethods=16200 adapters=770
 compilation: enabled

Compilation events (10 events):
Event: 3843.524 Thread 0x000000001706e800 nmethod 19379 0x0000000005d18110 code [0x0000000005d18260, 0x0000000005d18370]
Event: 3843.540 Thread 0x000000001706e800 19380       2       com.android.tools.r8.ir.regalloc.a::j (71 bytes)
Event: 3843.541 Thread 0x000000001706e800 nmethod 19380 0x0000000005d17150 code [0x0000000005d17360, 0x0000000005d17a58]
Event: 3843.561 Thread 0x000000001706e800 19381       2       com.android.tools.r8.ir.regalloc.b::b (38 bytes)
Event: 3843.562 Thread 0x000000001706e800 nmethod 19381 0x0000000005d16b10 code [0x0000000005d16cc0, 0x0000000005d16f98]
Event: 3843.565 Thread 0x000000001706e800 19382       2       com.android.tools.r8.ir.regalloc.b::y (115 bytes)
Event: 3843.565 Thread 0x000000001706e800 nmethod 19382 0x0000000005d16390 code [0x0000000005d16520, 0x0000000005d16868]
Event: 3843.583 Thread 0x000000001706e800 19384 %     3       com.android.tools.r8.ir.regalloc.a::a @ 112 (562 bytes)
Event: 3843.587 Thread 0x000000001706e800 nmethod 19384% 0x0000000005d32010 code [0x0000000005d32500, 0x0000000005d351e8]
Event: 3843.593 Thread 0x000000001706e800 19385       3       com.android.tools.r8.ir.regalloc.a::a (562 bytes)

GC Heap History (10 events):
Event: 2296.798 GC heap before
{Heap before GC invocations=21 (full 3):
 PSYoungGen      total 323584K, used 321786K [0x00000000d5580000, 0x00000000ef200000, 0x0000000100000000)
  eden space 301056K, 100% used [0x00000000d5580000,0x00000000e7b80000,0x00000000e7b80000)
  from space 22528K, 92% used [0x00000000e7b80000,0x00000000e8fbe880,0x00000000e9180000)
  to   space 25088K, 0% used [0x00000000ed980000,0x00000000ed980000,0x00000000ef200000)
 ParOldGen       total 87552K, used 51401K [0x0000000080000000, 0x0000000085580000, 0x00000000d5580000)
  object space 87552K, 58% used [0x0000000080000000,0x00000000832327e0,0x0000000085580000)
 Metaspace       used 89845K, capacity 94632K, committed 94680K, reserved 1130496K
  class space    used 11909K, capacity 12792K, committed 12800K, reserved 1048576K
Event: 2297.651 GC heap after
Heap after GC invocations=21 (full 3):
 PSYoungGen      total 379904K, used 9978K [0x00000000d5580000, 0x00000000ee880000, 0x0000000100000000)
  eden space 364544K, 0% used [0x00000000d5580000,0x00000000d5580000,0x00000000eb980000)
  from space 15360K, 64% used [0x00000000ed980000,0x00000000ee33e930,0x00000000ee880000)
  to   space 24064K, 0% used [0x00000000eb980000,0x00000000eb980000,0x00000000ed100000)
 ParOldGen       total 87552K, used 56188K [0x0000000080000000, 0x0000000085580000, 0x00000000d5580000)
  object space 87552K, 64% used [0x0000000080000000,0x00000000836df0e0,0x0000000085580000)
 Metaspace       used 89845K, capacity 94632K, committed 94680K, reserved 1130496K
  class space    used 11909K, capacity 12792K, committed 12800K, reserved 1048576K
}
Event: 3829.300 GC heap before
{Heap before GC invocations=22 (full 3):
 PSYoungGen      total 379904K, used 374522K [0x00000000d5580000, 0x00000000ee880000, 0x0000000100000000)
  eden space 364544K, 100% used [0x00000000d5580000,0x00000000eb980000,0x00000000eb980000)
  from space 15360K, 64% used [0x00000000ed980000,0x00000000ee33e930,0x00000000ee880000)
  to   space 24064K, 0% used [0x00000000eb980000,0x00000000eb980000,0x00000000ed100000)
 ParOldGen       total 87552K, used 56188K [0x0000000080000000, 0x0000000085580000, 0x00000000d5580000)
  object space 87552K, 64% used [0x0000000080000000,0x00000000836df0e0,0x0000000085580000)
 Metaspace       used 92527K, capacity 97730K, committed 97880K, reserved 1134592K
  class space    used 12140K, capacity 13079K, committed 13184K, reserved 1048576K
Event: 3829.478 GC heap after
Heap after GC invocations=22 (full 3):
 PSYoungGen      total 388608K, used 24053K [0x00000000d5580000, 0x00000000f3480000, 0x0000000100000000)
  eden space 364544K, 0% used [0x00000000d5580000,0x00000000d5580000,0x00000000eb980000)
  from space 24064K, 99% used [0x00000000eb980000,0x00000000ed0fd420,0x00000000ed100000)
  to   space 29696K, 0% used [0x00000000f1780000,0x00000000f1780000,0x00000000f3480000)
 ParOldGen       total 87552K, used 61133K [0x0000000080000000, 0x0000000085580000, 0x00000000d5580000)
  object space 87552K, 69% used [0x0000000080000000,0x0000000083bb36b0,0x0000000085580000)
 Metaspace       used 92527K, capacity 97730K, committed 97880K, reserved 1134592K
  class space    used 12140K, capacity 13079K, committed 13184K, reserved 1048576K
}
Event: 3830.962 GC heap before
{Heap before GC invocations=23 (full 3):
 PSYoungGen      total 388608K, used 88390K [0x00000000d5580000, 0x00000000f3480000, 0x0000000100000000)
  eden space 364544K, 17% used [0x00000000d5580000,0x00000000d9454438,0x00000000eb980000)
  from space 24064K, 99% used [0x00000000eb980000,0x00000000ed0fd420,0x00000000ed100000)
  to   space 29696K, 0% used [0x00000000f1780000,0x00000000f1780000,0x00000000f3480000)
 ParOldGen       total 87552K, used 61133K [0x0000000080000000, 0x0000000085580000, 0x00000000d5580000)
  object space 87552K, 69% used [0x0000000080000000,0x0000000083bb36b0,0x0000000085580000)
 Metaspace       used 92958K, capacity 98222K, committed 98380K, reserved 1134592K
  class space    used 12154K, capacity 13083K, committed 13184K, reserved 1048576K
Event: 3831.201 GC heap after
Heap after GC invocations=23 (full 3):
 PSYoungGen      total 394240K, used 8827K [0x00000000d5580000, 0x00000000f3480000, 0x0000000100000000)
  eden space 364544K, 0% used [0x00000000d5580000,0x00000000d5580000,0x00000000eb980000)
  from space 29696K, 29% used [0x00000000f1780000,0x00000000f201ed78,0x00000000f3480000)
  to   space 24064K, 0% used [0x00000000eb980000,0x00000000eb980000,0x00000000ed100000)
 ParOldGen       total 87552K, used 82770K [0x0000000080000000, 0x0000000085580000, 0x00000000d5580000)
  object space 87552K, 94% used [0x0000000080000000,0x00000000850d49f0,0x0000000085580000)
 Metaspace       used 92958K, capacity 98222K, committed 98380K, reserved 1134592K
  class space    used 12154K, capacity 13083K, committed 13184K, reserved 1048576K
}
Event: 3831.226 GC heap before
{Heap before GC invocations=24 (full 4):
 PSYoungGen      total 394240K, used 8827K [0x00000000d5580000, 0x00000000f3480000, 0x0000000100000000)
  eden space 364544K, 0% used [0x00000000d5580000,0x00000000d5580000,0x00000000eb980000)
  from space 29696K, 29% used [0x00000000f1780000,0x00000000f201ed78,0x00000000f3480000)
  to   space 24064K, 0% used [0x00000000eb980000,0x00000000eb980000,0x00000000ed100000)
 ParOldGen       total 87552K, used 82770K [0x0000000080000000, 0x0000000085580000, 0x00000000d5580000)
  object space 87552K, 94% used [0x0000000080000000,0x00000000850d49f0,0x0000000085580000)
 Metaspace       used 92958K, capacity 98222K, committed 98380K, reserved 1134592K
  class space    used 12154K, capacity 13083K, committed 13184K, reserved 1048576K
Event: 3834.317 GC heap after
Heap after GC invocations=24 (full 4):
 PSYoungGen      total 394240K, used 0K [0x00000000d5580000, 0x00000000f3480000, 0x0000000100000000)
  eden space 364544K, 0% used [0x00000000d5580000,0x00000000d5580000,0x00000000eb980000)
  from space 29696K, 0% used [0x00000000f1780000,0x00000000f1780000,0x00000000f3480000)
  to   space 24064K, 0% used [0x00000000eb980000,0x00000000eb980000,0x00000000ed100000)
 ParOldGen       total 134144K, used 66441K [0x0000000080000000, 0x0000000088300000, 0x00000000d5580000)
  object space 134144K, 49% used [0x0000000080000000,0x00000000840e27b0,0x0000000088300000)
 Metaspace       used 92621K, capacity 97556K, committed 98380K, reserved 1134592K
  class space    used 12082K, capacity 12950K, committed 13184K, reserved 1048576K
}
Event: 3841.961 GC heap before
{Heap before GC invocations=25 (full 4):
 PSYoungGen      total 394240K, used 364544K [0x00000000d5580000, 0x00000000f3480000, 0x0000000100000000)
  eden space 364544K, 100% used [0x00000000d5580000,0x00000000eb980000,0x00000000eb980000)
  from space 29696K, 0% used [0x00000000f1780000,0x00000000f1780000,0x00000000f3480000)
  to   space 24064K, 0% used [0x00000000eb980000,0x00000000eb980000,0x00000000ed100000)
 ParOldGen       total 134144K, used 66441K [0x0000000080000000, 0x0000000088300000, 0x00000000d5580000)
  object space 134144K, 49% used [0x0000000080000000,0x00000000840e27b0,0x0000000088300000)
 Metaspace       used 93359K, capacity 98384K, committed 99148K, reserved 1134592K
  class space    used 12116K, capacity 13024K, committed 13184K, reserved 1048576K
Event: 3842.049 GC heap after
Heap after GC invocations=25 (full 4):
 PSYoungGen      total 388608K, used 10979K [0x00000000d5580000, 0x00000000f5b00000, 0x0000000100000000)
  eden space 364544K, 0% used [0x00000000d5580000,0x00000000d5580000,0x00000000eb980000)
  from space 24064K, 45% used [0x00000000eb980000,0x00000000ec438dc0,0x00000000ed100000)
  to   space 27136K, 0% used [0x00000000f4080000,0x00000000f4080000,0x00000000f5b00000)
 ParOldGen       total 134144K, used 66449K [0x0000000080000000, 0x0000000088300000, 0x00000000d5580000)
  object space 134144K, 49% used [0x0000000080000000,0x00000000840e47b0,0x0000000088300000)
 Metaspace       used 93359K, capacity 98384K, committed 99148K, reserved 1134592K
  class space    used 12116K, capacity 13024K, committed 13184K, reserved 1048576K
}

Deoptimization events (10 events):
Event: 3841.465 Thread 0x00000000297c2800 Uncommon trap: reason=class_check action=maybe_recompile pc=0x0000000005a89fe4 method=com.android.tools.r8.ir.regalloc.a.a(Lcom/android/tools/r8/ir/regalloc/a$a;Z)Lcom/android/tools/r8/ir/regalloc/a$a; @ 2538
Event: 3841.467 Thread 0x00000000297c2800 Uncommon trap: reason=class_check action=maybe_recompile pc=0x0000000005a89fe4 method=com.android.tools.r8.ir.regalloc.a.a(Lcom/android/tools/r8/ir/regalloc/a$a;Z)Lcom/android/tools/r8/ir/regalloc/a$a; @ 2538
Event: 3841.475 Thread 0x00000000297c2800 Uncommon trap: reason=class_check action=maybe_recompile pc=0x0000000005a8a0cc method=com.android.tools.r8.ir.regalloc.a.a(Lcom/android/tools/r8/ir/regalloc/a$a;Z)Lcom/android/tools/r8/ir/regalloc/a$a; @ 2646
Event: 3841.627 Thread 0x00000000297c2800 Uncommon trap: reason=unstable_if action=reinterpret pc=0x0000000005746900 method=com.android.tools.r8.ir.regalloc.b.g(I)Lcom/android/tools/r8/ir/regalloc/b; @ 48
Event: 3841.631 Thread 0x00000000297c2800 Uncommon trap: reason=unstable_if action=reinterpret pc=0x000000000254f6b4 method=java.lang.ref.SoftReference.get()Ljava/lang/Object; @ 6
Event: 3842.061 Thread 0x00000000297c2800 Uncommon trap: reason=class_check action=maybe_recompile pc=0x0000000005a89fe4 method=com.android.tools.r8.ir.regalloc.a.a(Lcom/android/tools/r8/ir/regalloc/a$a;Z)Lcom/android/tools/r8/ir/regalloc/a$a; @ 2538
Event: 3842.461 Thread 0x00000000297c2800 Uncommon trap: reason=unstable_if action=reinterpret pc=0x0000000005a1fc84 method=com.android.tools.r8.graph.K.a(IILcom/android/tools/r8/s/b/k0;)V @ 638
Event: 3842.705 Thread 0x000000001b6e3800 Uncommon trap: reason=class_check action=maybe_recompile pc=0x0000000005afdd44 method=com.android.tools.r8.s.a.h.e.b(Lcom/android/tools/r8/s/b/k0;)V @ 226
Event: 3842.705 Thread 0x000000001b6e3800 Uncommon trap: reason=class_check action=maybe_recompile pc=0x0000000005afdd44 method=com.android.tools.r8.s.a.h.e.b(Lcom/android/tools/r8/s/b/k0;)V @ 226
Event: 3843.031 Thread 0x00000000297c1000 Uncommon trap: reason=unstable_if action=reinterpret pc=0x0000000005cc05c0 method=com.android.tools.r8.ir.optimize.a0.a(Lcom/android/tools/r8/s/b/X;Lcom/android/tools/r8/ir/regalloc/a;)V @ 231

Classes redefined (0 events):
No events

Internal exceptions (10 events):
Event: 3821.476 Thread 0x00000000297b9800 Exception <a 'sun/nio/fs/WindowsException'> (0x00000000e304d878) thrown at [C:\src\AOSP-openjdk-git\hotspot\src\share\vm\prims\jni.cpp, line 710]
Event: 3821.681 Thread 0x00000000297b9800 Exception <a 'sun/nio/fs/WindowsException'> (0x00000000e34b62c0) thrown at [C:\src\AOSP-openjdk-git\hotspot\src\share\vm\prims\jni.cpp, line 710]
Event: 3826.123 Thread 0x000000001b6e3800 Exception <a 'sun/nio/fs/WindowsException'> (0x00000000e6bdbe70) thrown at [C:\src\AOSP-openjdk-git\hotspot\src\share\vm\prims\jni.cpp, line 710]
Event: 3826.123 Thread 0x000000001b6e3800 Exception <a 'sun/nio/fs/WindowsException'> (0x00000000e6bdcb90) thrown at [C:\src\AOSP-openjdk-git\hotspot\src\share\vm\prims\jni.cpp, line 710]
Event: 3826.838 Thread 0x000000001b6e3800 Exception <a 'sun/nio/fs/WindowsException'> (0x00000000e76a7368) thrown at [C:\src\AOSP-openjdk-git\hotspot\src\share\vm\prims\jni.cpp, line 710]
Event: 3827.551 Thread 0x00000000297c1000 Exception <a 'sun/nio/fs/WindowsException'> (0x00000000e8a2cd10) thrown at [C:\src\AOSP-openjdk-git\hotspot\src\share\vm\prims\jni.cpp, line 710]
Event: 3827.920 Thread 0x000000001b6e3800 Exception <a 'sun/nio/fs/WindowsException'> (0x00000000e9507898) thrown at [C:\src\AOSP-openjdk-git\hotspot\src\share\vm\prims\jni.cpp, line 710]
Event: 3828.036 Thread 0x00000000297c2800 Exception <a 'sun/nio/fs/WindowsException'> (0x00000000e9706868) thrown at [C:\src\AOSP-openjdk-git\hotspot\src\share\vm\prims\jni.cpp, line 710]
Event: 3829.733 Thread 0x00000000297c0000 Exception <a 'sun/nio/fs/WindowsException'> (0x00000000d60ba3a8) thrown at [C:\src\AOSP-openjdk-git\hotspot\src\share\vm\prims\jni.cpp, line 710]
Event: 3834.754 Thread 0x000000001b6e3800 Exception <a 'sun/nio/fs/WindowsException'> (0x00000000d7e8a870) thrown at [C:\src\AOSP-openjdk-git\hotspot\src\share\vm\prims\jni.cpp, line 710]

Events (10 events):
Event: 3843.305 Thread 0x00000000297c1000 DEOPT PACKING pc=0x0000000005d12130 sp=0x0000000020299fe0
Event: 3843.305 Thread 0x00000000297c1000 DEOPT UNPACKING pc=0x00000000024875d0 sp=0x0000000020299e28 mode 0
Event: 3843.363 Thread 0x000000001b6e3800 DEOPT PACKING pc=0x00000000056414e5 sp=0x000000002aa77af0
Event: 3843.363 Thread 0x000000001b6e3800 DEOPT UNPACKING pc=0x00000000024875d0 sp=0x000000002aa77c40 mode 0
Event: 3843.514 Thread 0x000000001b6e3800 DEOPT PACKING pc=0x0000000005a55aba sp=0x000000002aa77d10
Event: 3843.514 Thread 0x000000001b6e3800 DEOPT UNPACKING pc=0x00000000024875d0 sp=0x000000002aa77c00 mode 0
Event: 3843.520 Thread 0x00000000297c0000 DEOPT PACKING pc=0x0000000005d12171 sp=0x0000000020c9a300
Event: 3843.520 Thread 0x00000000297c0000 DEOPT UNPACKING pc=0x00000000024875d0 sp=0x0000000020c9a148 mode 0
Event: 3843.594 Thread 0x00000000297c1000 DEOPT PACKING pc=0x0000000005b08311 sp=0x0000000020299660
Event: 3843.594 Thread 0x00000000297c1000 DEOPT UNPACKING pc=0x00000000024875d0 sp=0x0000000020299428 mode 0


Dynamic libraries:
0x00007ff6d7910000 - 0x00007ff6d7941000 	C:\Program Files\Android\Android Studio\jre\bin\java.exe
0x00007ffeb2870000 - 0x00007ffeb2a65000 	C:\WINDOWS\SYSTEM32\ntdll.dll
0x00007ffeb08d0000 - 0x00007ffeb098d000 	C:\WINDOWS\System32\KERNEL32.DLL
0x00007ffeb03f0000 - 0x00007ffeb06b8000 	C:\WINDOWS\System32\KERNELBASE.dll
0x00007ffeb1480000 - 0x00007ffeb152c000 	C:\WINDOWS\System32\ADVAPI32.dll
0x00007ffeb2790000 - 0x00007ffeb282e000 	C:\WINDOWS\System32\msvcrt.dll
0x00007ffeb1820000 - 0x00007ffeb18bb000 	C:\WINDOWS\System32\sechost.dll
0x00007ffeb1540000 - 0x00007ffeb166b000 	C:\WINDOWS\System32\RPCRT4.dll
0x00007ffeb1f40000 - 0x00007ffeb20e0000 	C:\WINDOWS\System32\USER32.dll
0x00007ffeb0740000 - 0x00007ffeb0762000 	C:\WINDOWS\System32\win32u.dll
0x00007ffeb2270000 - 0x00007ffeb229a000 	C:\WINDOWS\System32\GDI32.dll
0x00007ffeb0770000 - 0x00007ffeb087b000 	C:\WINDOWS\System32\gdi32full.dll
0x00007ffeb00b0000 - 0x00007ffeb014d000 	C:\WINDOWS\System32\msvcp_win.dll
0x00007ffeaffb0000 - 0x00007ffeb00b0000 	C:\WINDOWS\System32\ucrtbase.dll
0x00007ffea6360000 - 0x00007ffea65fa000 	C:\WINDOWS\WinSxS\amd64_microsoft.windows.common-controls_6595b64144ccf1df_6.0.19041.844_none_ca00b6081b84eb1d\COMCTL32.dll
0x00007ffeb1d30000 - 0x00007ffeb1d60000 	C:\WINDOWS\System32\IMM32.DLL
0x000000005d7a0000 - 0x000000005d872000 	C:\Program Files\Android\Android Studio\jre\jre\bin\msvcr100.dll
0x000000005c8d0000 - 0x000000005d11b000 	C:\Program Files\Android\Android Studio\jre\jre\bin\server\jvm.dll
0x00007ffeb1720000 - 0x00007ffeb1728000 	C:\WINDOWS\System32\PSAPI.DLL
0x00007ffe9ee10000 - 0x00007ffe9ee37000 	C:\WINDOWS\SYSTEM32\WINMM.dll
0x00007ffea4ee0000 - 0x00007ffea4eea000 	C:\WINDOWS\SYSTEM32\VERSION.dll
0x00007ffea2e80000 - 0x00007ffea2e89000 	C:\WINDOWS\SYSTEM32\WSOCK32.dll
0x00007ffeb1730000 - 0x00007ffeb179b000 	C:\WINDOWS\System32\WS2_32.dll
0x00007ffeab800000 - 0x00007ffeab80f000 	C:\Program Files\Android\Android Studio\jre\jre\bin\verify.dll
0x00007ffea9690000 - 0x00007ffea96b9000 	C:\Program Files\Android\Android Studio\jre\jre\bin\java.dll
0x00007ffea93c0000 - 0x00007ffea93d6000 	C:\Program Files\Android\Android Studio\jre\jre\bin\zip.dll
0x00007ffeb0b20000 - 0x00007ffeb1262000 	C:\WINDOWS\System32\SHELL32.dll
0x00007ffeae120000 - 0x00007ffeae8b0000 	C:\WINDOWS\SYSTEM32\windows.storage.dll
0x00007ffeb23d0000 - 0x00007ffeb2725000 	C:\WINDOWS\System32\combase.dll
0x00007ffeaf9b0000 - 0x00007ffeaf9dc000 	C:\WINDOWS\SYSTEM32\Wldp.dll
0x00007ffeb1670000 - 0x00007ffeb171e000 	C:\WINDOWS\System32\SHCORE.dll
0x00007ffeb1420000 - 0x00007ffeb1475000 	C:\WINDOWS\System32\shlwapi.dll
0x00007ffeafef0000 - 0x00007ffeaff0f000 	C:\WINDOWS\SYSTEM32\profapi.dll
0x00007ffea92b0000 - 0x00007ffea92ca000 	C:\Program Files\Android\Android Studio\jre\jre\bin\net.dll
0x00007ffeaf6c0000 - 0x00007ffeaf72a000 	C:\WINDOWS\system32\mswsock.dll
0x00007ffea8eb0000 - 0x00007ffea8ec3000 	C:\Program Files\Android\Android Studio\jre\jre\bin\nio.dll
0x00007ffea0ea0000 - 0x00007ffea0ec7000 	C:\Users\Ricardo\.gradle\native\f6784746aeab05261644944871eae4fe03e0ef1612fff0a4a95f87b438bc6780\windows-amd64\native-platform.dll
0x00007ffeab320000 - 0x00007ffeab32d000 	C:\Program Files\Android\Android Studio\jre\jre\bin\management.dll
0x00007ffeaf900000 - 0x00007ffeaf918000 	C:\WINDOWS\SYSTEM32\CRYPTSP.dll
0x00007ffeaf060000 - 0x00007ffeaf094000 	C:\WINDOWS\system32\rsaenh.dll
0x00007ffeb0310000 - 0x00007ffeb0337000 	C:\WINDOWS\System32\bcrypt.dll
0x00007ffeafe70000 - 0x00007ffeafe9e000 	C:\WINDOWS\SYSTEM32\USERENV.dll
0x00007ffeb06c0000 - 0x00007ffeb0740000 	C:\WINDOWS\System32\bcryptprimitives.dll
0x00007ffeaf8f0000 - 0x00007ffeaf8fc000 	C:\WINDOWS\SYSTEM32\CRYPTBASE.dll
0x00007ffeaf3b0000 - 0x00007ffeaf3eb000 	C:\WINDOWS\SYSTEM32\IPHLPAPI.DLL
0x00007ffeb20e0000 - 0x00007ffeb20e8000 	C:\WINDOWS\System32\NSI.dll
0x00007ffea9730000 - 0x00007ffea9747000 	C:\WINDOWS\SYSTEM32\dhcpcsvc6.DLL
0x00007ffea9ef0000 - 0x00007ffea9f0d000 	C:\WINDOWS\SYSTEM32\dhcpcsvc.DLL
0x00007ffeaf3f0000 - 0x00007ffeaf4bc000 	C:\WINDOWS\SYSTEM32\DNSAPI.dll
0x00007ffea9fc0000 - 0x00007ffea9fcb000 	C:\WINDOWS\SYSTEM32\WINNSI.DLL

VM Arguments:
jvm_args: -Xmx2048m -Dfile.encoding=UTF-8 -Duser.country=BR -Duser.language=pt -Duser.variant 
java_command: org.gradle.launcher.daemon.bootstrap.GradleDaemon 6.5
java_class_path (initial): C:\Users\Ricardo\.gradle\wrapper\dists\gradle-6.5-bin\6nifqtx7604sqp1q6g8wikw7p\gradle-6.5\lib\gradle-launcher-6.5.jar
Launcher Type: SUN_STANDARD

Environment Variables:
PATH=C:\ProgramData\Oracle\Java\javapath;C:\Program Files (x86)\Common Files\Oracle\Java\javapath;C:\WINDOWS\system32;C:\WINDOWS;C:\WINDOWS\System32\Wbem;C:\WINDOWS\System32\WindowsPowerShell\v1.0\;C:\Program Files (x86)\Windows Live\Shared;C:\WINDOWS\System32\OpenSSH\;C:\Users\Ricardo\AppData\Local\Microsoft\WindowsApps;
USERNAME=Ricardo
OS=Windows_NT
PROCESSOR_IDENTIFIER=Intel64 Family 6 Model 58 Stepping 9, GenuineIntel



---------------  S Y S T E M  ---------------

OS: Windows 10.0 , 64 bit Build 19041 (10.0.19041.928)

CPU:total 4 (initial active 4) (2 cores per cpu, 2 threads per core) family 6 model 58 stepping 9, cmov, cx8, fxsr, mmx, sse, sse2, sse3, ssse3, sse4.1, sse4.2, popcnt, avx, clmul, erms, ht, tsc, tscinvbit, tscinv

Memory: 4k page, physical 8260832k(646388k free), swap 17157224k(6260k free)

vm_info: OpenJDK 64-Bit Server VM (25.242-b01) for windows-amd64 JRE (1.8.0_242-release-1644-b01), built by "builder" with MS VC++ 10.0 (VS2010)

time: Tue Jun 08 14:58:15 2021
timezone: Hora oficial do Brasil
elapsed time: 3843 seconds (0d 1h 4m 3s)

